<?xml version="1.0" encoding="UTF-8"?>
<!-- Generated by org.testng.reporters.JUnitReportReporter -->
<testsuite hostname="225-Animesh-EIMS" failures="0" tests="1" name="com.AutomationTestCases.testscripts.E2eTestScript" time="0.091" errors="0" timestamp="2024-11-04T00:08:40 IST" skipped="0">
  <testcase classname="com.AutomationTestCases.testscripts.E2eTestScript" name="RegisterUser" time="0.091"/>
</testsuite> <!-- com.AutomationTestCases.testscripts.E2eTestScript -->
